2022-08-28 19:45:09.540 [main] INFO  stepDefinition.Hooks - This is where tests are starting
2022-08-28 19:45:14.452 [main] INFO  stepDefinition.RegisterStepDef - User navigate to the website
2022-08-28 19:45:18.509 [main] INFO  stepDefinition.RegisterStepDef - User clicks the register button
2022-08-28 19:45:23.525 [main] INFO  stepDefinition.RegisterStepDef - User enters the name
2022-08-28 19:45:23.688 [main] INFO  stepDefinition.RegisterStepDef - User enters Email Address
2022-08-28 19:45:23.895 [main] INFO  stepDefinition.RegisterStepDef - User enters Password
2022-08-28 19:45:24.052 [main] INFO  stepDefinition.RegisterStepDef - User enters Confirm Password
2022-08-28 19:45:24.211 [main] INFO  stepDefinition.RegisterStepDef - User selects United Kingdom
2022-08-28 19:45:24.355 [main] INFO  stepDefinition.RegisterStepDef - User enters First Name
2022-08-28 19:45:24.507 [main] INFO  stepDefinition.RegisterStepDef - User enters Last Name
2022-08-28 19:45:24.669 [main] INFO  stepDefinition.RegisterStepDef - User Clicks Privacy Policy For Details CheckBox
2022-08-28 19:45:24.770 [main] INFO  stepDefinition.RegisterStepDef - User clicks the second check box about Terms of Service
2022-08-28 19:45:44.874 [main] INFO  stepDefinition.RegisterStepDef - User clicks Join now
2022-08-28 19:45:46.046 [main] INFO  stepDefinition.Hooks - This is where tests are finishing
2022-08-28 19:46:07.693 [main] INFO  stepDefinition.Hooks - This is where tests are starting
2022-08-28 19:46:12.466 [main] INFO  stepDefinition.RegisterStepDef - User navigate to the website
2022-08-28 19:46:15.632 [main] INFO  stepDefinition.RegisterStepDef - User clicks the register button
2022-08-28 19:46:20.942 [main] INFO  stepDefinition.RegisterStepDef - User enters the name
2022-08-28 19:46:21.129 [main] INFO  stepDefinition.RegisterStepDef - User enters Email Address
2022-08-28 19:46:21.358 [main] INFO  stepDefinition.RegisterStepDef - User enters Password
2022-08-28 19:46:21.543 [main] INFO  stepDefinition.RegisterStepDef - User enters Confirm Password
2022-08-28 19:46:21.716 [main] INFO  stepDefinition.RegisterStepDef - User selects United Kingdom
2022-08-28 19:46:21.906 [main] INFO  stepDefinition.RegisterStepDef - User enters First Name
2022-08-28 19:46:22.057 [main] INFO  stepDefinition.RegisterStepDef - User enters Last Name
2022-08-28 19:46:22.207 [main] INFO  stepDefinition.RegisterStepDef - User Clicks Privacy Policy For Details CheckBox
2022-08-28 19:46:22.332 [main] INFO  stepDefinition.RegisterStepDef - User clicks the second check box about Terms of Service
2022-08-28 19:46:42.443 [main] INFO  stepDefinition.RegisterStepDef - User clicks Join now
2022-08-28 19:46:46.405 [main] INFO  stepDefinition.RegisterStepDef - User verifies "Welcome to the communityYour account has been created and you are signed in." message
2022-08-28 19:47:06.459 [main] INFO  stepDefinition.Hooks - This is where tests are finishing
2022-08-28 21:27:02.827 [main] INFO  stepDefinition.Hooks - This is where tests are starting
2022-08-28 21:27:09.286 [main] INFO  stepDefinition.RegisterStepDef - User navigate to the website
2022-08-28 21:27:14.836 [main] INFO  stepDefinition.RegisterStepDef - User clicks the register button
2022-08-28 21:27:21.016 [main] INFO  stepDefinition.RegisterStepDef - User enters the name
2022-08-28 21:27:21.264 [main] INFO  stepDefinition.RegisterStepDef - User enters Email Address
2022-08-28 21:27:21.542 [main] INFO  stepDefinition.RegisterStepDef - User enters Password
2022-08-28 21:27:21.843 [main] INFO  stepDefinition.RegisterStepDef - User enters Confirm Password
2022-08-28 21:27:22.052 [main] INFO  stepDefinition.RegisterStepDef - User selects United Kingdom
2022-08-28 21:27:22.312 [main] INFO  stepDefinition.RegisterStepDef - User enters First Name
2022-08-28 21:27:22.570 [main] INFO  stepDefinition.RegisterStepDef - User enters Last Name
2022-08-28 21:27:22.833 [main] INFO  stepDefinition.RegisterStepDef - User Clicks Privacy Policy For Details CheckBox
2022-08-28 21:27:22.991 [main] INFO  stepDefinition.RegisterStepDef - User clicks the second check box about Terms of Service
2022-08-28 21:27:43.155 [main] INFO  stepDefinition.RegisterStepDef - User clicks Join now
2022-08-28 21:27:46.886 [main] INFO  stepDefinition.RegisterStepDef - User verifies "Welcome to the communityYour account has been created and you are signed in." message
2022-08-28 21:28:06.950 [main] INFO  stepDefinition.Hooks - This is where tests are finishing
2022-08-28 21:34:09.588 [main] INFO  stepDefinition.Hooks - This is where tests are starting
2022-08-28 21:34:15.494 [main] INFO  stepDefinition.RegisterStepDef - User navigate to the website
2022-08-28 21:34:20.677 [main] INFO  stepDefinition.RegisterStepDef - User clicks the register button
2022-08-28 21:34:27.604 [main] INFO  stepDefinition.RegisterStepDef - User enters the name
2022-08-28 21:34:27.861 [main] INFO  stepDefinition.RegisterStepDef - User enters Email Address
2022-08-28 21:34:28.188 [main] INFO  stepDefinition.RegisterStepDef - User enters Password
2022-08-28 21:34:28.422 [main] INFO  stepDefinition.RegisterStepDef - User enters Confirm Password
2022-08-28 21:34:28.637 [main] INFO  stepDefinition.RegisterStepDef - User selects United Kingdom
2022-08-28 21:34:28.885 [main] INFO  stepDefinition.RegisterStepDef - User enters First Name
2022-08-28 21:34:29.067 [main] INFO  stepDefinition.RegisterStepDef - User enters Last Name
2022-08-28 21:34:29.309 [main] INFO  stepDefinition.RegisterStepDef - User Clicks Privacy Policy For Details CheckBox
2022-08-28 21:34:29.505 [main] INFO  stepDefinition.RegisterStepDef - User clicks the second check box about Terms of Service
2022-08-28 21:34:49.745 [main] INFO  stepDefinition.RegisterStepDef - User clicks Join now
2022-08-28 21:34:53.584 [main] INFO  stepDefinition.RegisterStepDef - User verifies "Welcome to the communityYour account has been created and you are signed in." message
2022-08-28 21:35:13.678 [main] INFO  stepDefinition.Hooks - This is where tests are finishing
2022-08-28 21:36:44.051 [main] INFO  stepDefinition.Hooks - This is where tests are starting
2022-08-28 21:36:49.546 [main] INFO  stepDefinition.RegisterStepDef - User navigate to the website
2022-08-28 21:36:54.867 [main] INFO  stepDefinition.RegisterStepDef - User clicks the register button
2022-08-28 21:37:01.502 [main] INFO  stepDefinition.RegisterStepDef - User enters the name
2022-08-28 21:37:02.078 [main] INFO  stepDefinition.RegisterStepDef - User enters Email Address
2022-08-28 21:37:02.423 [main] INFO  stepDefinition.RegisterStepDef - User enters Password
2022-08-28 21:37:02.665 [main] INFO  stepDefinition.RegisterStepDef - User enters Confirm Password
2022-08-28 21:37:02.861 [main] INFO  stepDefinition.RegisterStepDef - User selects United Kingdom
2022-08-28 21:37:03.064 [main] INFO  stepDefinition.RegisterStepDef - User enters First Name
2022-08-28 21:37:03.272 [main] INFO  stepDefinition.RegisterStepDef - User enters Last Name
2022-08-28 21:37:03.478 [main] INFO  stepDefinition.RegisterStepDef - User Clicks Privacy Policy For Details CheckBox
2022-08-28 21:37:03.661 [main] INFO  stepDefinition.RegisterStepDef - User clicks the second check box about Terms of Service
2022-08-28 21:37:23.856 [main] INFO  stepDefinition.RegisterStepDef - User clicks Join now
2022-08-28 21:37:29.901 [main] INFO  stepDefinition.RegisterStepDef - User verifies "Welcome to the communityYour account has been created and you are signed in." message
2022-08-28 21:37:49.958 [main] INFO  stepDefinition.Hooks - This is where tests are finishing
